$ cd testing
$ exec-cache-setup
To complete setup, add /home/user/project/testing/exec-cache.d/bin to your PATH.

You can either do:

    $ export PATH=/home/user/project/testing/exec-cache.d/bin:${PATH}

or just source the 'exec-cache-setup-env' file in /home/user/project/testing/exec-cache.d:

    $ source /home/user/project/testing/exec-cache.d/exec-cache-setup-env
$ ls
exec-cache.d
$ source exec-cache.d/exec-cache-setup-env
$ date
Sun Apr  2 14:50:24 CDT 2017
$ sleep 2
$ date
Sun Apr  2 14:50:29 CDT 2017
$ which date
/bin/date
$ exec-cache-wrap date
Please update your shells PATH hash table by running

    $ hash -r

$ hash -r
$ which date
/home/user/project/testing/exec-cache.d/bin/date
$ date
Sun Apr  2 14:50:39 CDT 2017
$ sleep 2
$ date
Sun Apr  2 14:50:39 CDT 2017
$ 
